# JRE version: Java(TM) SE Runtime Environment (21.0.1+12) (build 21.0.1+12-LTS-29)
# Java VM: Java HotSpot(TM) 64-Bit Server VM (21.0.1+12-LTS-29, mixed mode, sharing, tiered, compressed oops, compressed class ptrs, g1 gc, windows-amd64)
GC Precious Log:
 CardTable entry size: 512
 Card Set container configuration: InlinePtr #cards 4 size 8 Array Of Cards #cards 64 size 144 Howl #buckets 8 coarsen threshold 14745 Howl Bitmap #cards 2048 size 272 coarsen threshold 1843 Card regions per heap region 1 cards per card region 16384
 CPUs: 16 total, 16 available
 Memory: 65259M
 Large Page Support: Disabled
 NUMA Support: Disabled
 Compressed Oops: Enabled (Zero based)
 Heap Region Size: 8M
 Heap Min Capacity: 8M
 Heap Initial Capacity: 1G
 Heap Max Capacity: 16320M
 Pre-touch: Disabled
 Parallel Workers: 13
 Concurrent Workers: 3
 Concurrent Refinement Workers: 13
 Periodic GC: Disabled
Heap:
 garbage-first heap   total 32768K, used 1632K [0x0000000404000000, 0x0000000800000000)
  region size 8192K, 1 young (8192K), 0 survivors (0K)
 Metaspace       used 1573K, committed 1664K, reserved 1114112K
  class space    used 134K, committed 192K, reserved 1048576K
GC Heap History (18 events):
Event: 0.200 GC heap before
{Heap before GC invocations=0 (full 0):
 garbage-first heap   total 1048576K, used 8192K [0x0000000404000000, 0x0000000800000000)
  region size 8192K, 2 young (16384K), 0 survivors (0K)
 Metaspace       used 1370K, committed 1472K, reserved 1114112K
  class space    used 125K, committed 192K, reserved 1048576K
}
Event: 0.208 GC heap after
{Heap after GC invocations=1 (full 1):
 garbage-first heap   total 57344K, used 1208K [0x0000000404000000, 0x0000000800000000)
  region size 8192K, 0 young (0K), 0 survivors (0K)
 Metaspace       used 1370K, committed 1472K, reserved 1114112K
  class space    used 125K, committed 192K, reserved 1048576K
}
Event: 5.359 GC heap before
{Heap before GC invocations=1 (full 1):
 garbage-first heap   total 57344K, used 1208K [0x0000000404000000, 0x0000000800000000)
  region size 8192K, 1 young (8192K), 0 survivors (0K)
 Metaspace       used 1548K, committed 1664K, reserved 1114112K
  class space    used 134K, committed 192K, reserved 1048576K
}
Event: 5.367 GC heap after
{Heap after GC invocations=2 (full 2):
 garbage-first heap   total 32768K, used 1632K [0x0000000404000000, 0x0000000800000000)
  region size 8192K, 0 young (0K), 0 survivors (0K)
 Metaspace       used 1548K, committed 1664K, reserved 1114112K
  class space    used 134K, committed 192K, reserved 1048576K
}
Event: 9.557 GC heap before
{Heap before GC invocations=2 (full 2):
 garbage-first heap   total 32768K, used 1632K [0x0000000404000000, 0x0000000800000000)
  region size 8192K, 1 young (8192K), 0 survivors (0K)
 Metaspace       used 1548K, committed 1664K, reserved 1114112K
  class space    used 134K, committed 192K, reserved 1048576K
}
Event: 9.568 GC heap after
{Heap after GC invocations=3 (full 3):
 garbage-first heap   total 32768K, used 1632K [0x0000000404000000, 0x0000000800000000)
  region size 8192K, 0 young (0K), 0 survivors (0K)
 Metaspace       used 1548K, committed 1664K, reserved 1114112K
  class space    used 134K, committed 192K, reserved 1048576K
}
Event: 10.218 GC heap before
{Heap before GC invocations=3 (full 3):
 garbage-first heap   total 32768K, used 1632K [0x0000000404000000, 0x0000000800000000)
  region size 8192K, 1 young (8192K), 0 survivors (0K)
 Metaspace       used 1548K, committed 1664K, reserved 1114112K
  class space    used 134K, committed 192K, reserved 1048576K
}
Event: 10.228 GC heap after
{Heap after GC invocations=4 (full 4):
 garbage-first heap   total 32768K, used 1632K [0x0000000404000000, 0x0000000800000000)
  region size 8192K, 0 young (0K), 0 survivors (0K)
 Metaspace       used 1548K, committed 1664K, reserved 1114112K
  class space    used 134K, committed 192K, reserved 1048576K
}
Event: 10.841 GC heap before
{Heap before GC invocations=4 (full 4):
 garbage-first heap   total 32768K, used 1632K [0x0000000404000000, 0x0000000800000000)
  region size 8192K, 1 young (8192K), 0 survivors (0K)
 Metaspace       used 1548K, committed 1664K, reserved 1114112K
  class space    used 134K, committed 192K, reserved 1048576K
}
Event: 10.847 GC heap after
{Heap after GC invocations=5 (full 5):
 garbage-first heap   total 32768K, used 1632K [0x0000000404000000, 0x0000000800000000)
  region size 8192K, 0 young (0K), 0 survivors (0K)
 Metaspace       used 1548K, committed 1664K, reserved 1114112K
  class space    used 134K, committed 192K, reserved 1048576K
}
Event: 11.600 GC heap before
{Heap before GC invocations=5 (full 5):
 garbage-first heap   total 32768K, used 1632K [0x0000000404000000, 0x0000000800000000)
  region size 8192K, 1 young (8192K), 0 survivors (0K)
 Metaspace       used 1548K, committed 1664K, reserved 1114112K
  class space    used 134K, committed 192K, reserved 1048576K
}
Event: 11.607 GC heap after
{Heap after GC invocations=6 (full 6):
 garbage-first heap   total 32768K, used 1632K [0x0000000404000000, 0x0000000800000000)
  region size 8192K, 0 young (0K), 0 survivors (0K)
 Metaspace       used 1548K, committed 1664K, reserved 1114112K
  class space    used 134K, committed 192K, reserved 1048576K
}
Event: 12.564 GC heap before
{Heap before GC invocations=6 (full 6):
 garbage-first heap   total 32768K, used 1632K [0x0000000404000000, 0x0000000800000000)
  region size 8192K, 1 young (8192K), 0 survivors (0K)
 Metaspace       used 1548K, committed 1664K, reserved 1114112K
  class space    used 134K, committed 192K, reserved 1048576K
}
Event: 12.586 GC heap after
{Heap after GC invocations=7 (full 7):
 garbage-first heap   total 32768K, used 1632K [0x0000000404000000, 0x0000000800000000)
  region size 8192K, 0 young (0K), 0 survivors (0K)
 Metaspace       used 1548K, committed 1664K, reserved 1114112K
  class space    used 134K, committed 192K, reserved 1048576K
}
Event: 15.103 GC heap before
{Heap before GC invocations=7 (full 7):
 garbage-first heap   total 32768K, used 1632K [0x0000000404000000, 0x0000000800000000)
  region size 8192K, 1 young (8192K), 0 survivors (0K)
 Metaspace       used 1548K, committed 1664K, reserved 1114112K
  class space    used 134K, committed 192K, reserved 1048576K
}
Event: 15.122 GC heap after
{Heap after GC invocations=8 (full 8):
 garbage-first heap   total 32768K, used 1632K [0x0000000404000000, 0x0000000800000000)
  region size 8192K, 0 young (0K), 0 survivors (0K)
 Metaspace       used 1548K, committed 1664K, reserved 1114112K
  class space    used 134K, committed 192K, reserved 1048576K
}
Event: 65.490 GC heap before
{Heap before GC invocations=8 (full 8):
 garbage-first heap   total 32768K, used 1632K [0x0000000404000000, 0x0000000800000000)
  region size 8192K, 1 young (8192K), 0 survivors (0K)
 Metaspace       used 1573K, committed 1664K, reserved 1114112K
  class space    used 134K, committed 192K, reserved 1048576K
}
Event: 65.500 GC heap after
{Heap after GC invocations=9 (full 9):
 garbage-first heap   total 32768K, used 1632K [0x0000000404000000, 0x0000000800000000)
  region size 8192K, 0 young (0K), 0 survivors (0K)
 Metaspace       used 1573K, committed 1664K, reserved 1114112K
  class space    used 134K, committed 192K, reserved 1048576K
}

